---------------------------------------------------------------
[ 2018-12-03T00:00:34+08:00 ] 0.0.0.0 GET localhost/tnews/public/index.php/admin/cate/add.html
[运行时间：0.085005s] [吞吐率：11.76req/s] [内存消耗：2,118.13kb] [文件加载：43]
[ info ] [ LANG ] C:\Users\Administrator\Desktop\work\WWW\tnews\thinkphp\lang\zh-cn.php
[ info ] [ ROUTE ] array (
  'type' => 'module',
  'module' => 
  array (
    0 => 'admin',
    1 => 'cate',
    2 => 'add',
  ),
)
[ info ] [ HEADER ] array (
  'cookie' => 'Hm_lvt_636802045446222199ae541e32c8133e=1527694741; pgv_pvi=6433497088; wp-settings-1=editor%3Dhtml; wp-settings-time-1=1541776314; pgv_si=s8546510848',
  'accept-language' => 'zh-CN,zh;q=0.9',
  'accept-encoding' => 'gzip, deflate, br',
  'referer' => 'http://localhost/tnews/public/index.php/admin/cate/index.html',
  'accept' => 'text/html,application/xhtml+xml,application/xml;q=0.9,image/webp,image/apng,*/*;q=0.8',
  'user-agent' => 'Mozilla/5.0 (Windows NT 6.1; WOW64) AppleWebKit/537.36 (KHTML, like Gecko) Chrome/63.0.3239.132 Safari/537.36',
  'upgrade-insecure-requests' => '1',
  'cache-control' => 'no-cache',
  'pragma' => 'no-cache',
  'connection' => 'close',
  'host' => 'localhost',
)
[ info ] [ PARAM ] array (
)
[ info ] [ RUN ] app\admin\controller\Cate->add[ C:\Users\Administrator\Desktop\work\WWW\tnews\application\admin\controller\Cate.php ]
[ info ] [ DB ] INIT mysql
[ info ] [ VIEW ] C:\Users\Administrator\Desktop\work\WWW\tnews\public/../application/admin\view\cate\add.html [ array (
  0 => 'contrname',
  1 => 'catlist',
) ]
[ info ] [ LOG ] INIT File
[ sql ] [ DB ] CONNECT:[ UseTime:0.001000s ] mysql:host=127.0.0.1;dbname=tnews;charset=utf8
[ sql ] [ SQL ] SHOW COLUMNS FROM `t_cat` [ RunTime:0.010001s ]
[ sql ] [ SQL ] SELECT * FROM `t_cat` WHERE  `pid` = 0 [ RunTime:0.001000s ]
---------------------------------------------------------------
[ 2018-12-03T00:00:35+08:00 ] 0.0.0.0 GET localhost/tnews/public/index.php/admin/cate/
[运行时间：0.047002s] [吞吐率：21.28req/s] [内存消耗：1,330.22kb] [文件加载：36]
[ info ] [ LANG ] C:\Users\Administrator\Desktop\work\WWW\tnews\thinkphp\lang\zh-cn.php
[ info ] [ ROUTE ] array (
  'type' => 'module',
  'module' => 
  array (
    0 => 'admin',
    1 => 'cate',
    2 => NULL,
  ),
)
[ info ] [ HEADER ] array (
  'cookie' => 'Hm_lvt_636802045446222199ae541e32c8133e=1527694741; pgv_pvi=6433497088; wp-settings-1=editor%3Dhtml; wp-settings-time-1=1541776314; pgv_si=s8546510848',
  'accept-language' => 'zh-CN,zh;q=0.9',
  'accept-encoding' => 'gzip, deflate, br',
  'referer' => 'http://localhost/tnews/public/index.php/admin/cate/add.html',
  'accept' => '*/*',
  'user-agent' => 'Mozilla/5.0 (Windows NT 6.1; WOW64) AppleWebKit/537.36 (KHTML, like Gecko) Chrome/63.0.3239.132 Safari/537.36',
  'x-requested-with' => 'ShockwaveFlash/27.0.0.187',
  'cache-control' => 'no-cache',
  'pragma' => 'no-cache',
  'connection' => 'close',
  'host' => 'localhost',
)
[ info ] [ PARAM ] array (
)
[ info ] [ RUN ] app\admin\controller\Cate->index[ C:\Users\Administrator\Desktop\work\WWW\tnews\application\admin\controller\Cate.php ]
[ info ] [ VIEW ] C:\Users\Administrator\Desktop\work\WWW\tnews\public/../application/admin\view\cate\index.html [ array (
  0 => 'contrname',
) ]
[ info ] [ LOG ] INIT File
---------------------------------------------------------------
[ 2018-12-03T00:03:41+08:00 ] 0.0.0.0 GET localhost/tnews/public/index.php/admin/cate/add.html
[运行时间：0.064003s] [吞吐率：15.62req/s] [内存消耗：2,127.47kb] [文件加载：43]
[ info ] [ LANG ] C:\Users\Administrator\Desktop\work\WWW\tnews\thinkphp\lang\zh-cn.php
[ info ] [ ROUTE ] array (
  'type' => 'module',
  'module' => 
  array (
    0 => 'admin',
    1 => 'cate',
    2 => 'add',
  ),
)
[ info ] [ HEADER ] array (
  'cookie' => 'Hm_lvt_636802045446222199ae541e32c8133e=1527694741; pgv_pvi=6433497088; wp-settings-1=editor%3Dhtml; wp-settings-time-1=1541776314; pgv_si=s8546510848',
  'accept-language' => 'zh-CN,zh;q=0.9',
  'accept-encoding' => 'gzip, deflate, br',
  'referer' => 'http://localhost/tnews/public/index.php/admin/cate/index.html',
  'accept' => 'text/html,application/xhtml+xml,application/xml;q=0.9,image/webp,image/apng,*/*;q=0.8',
  'user-agent' => 'Mozilla/5.0 (Windows NT 6.1; WOW64) AppleWebKit/537.36 (KHTML, like Gecko) Chrome/63.0.3239.132 Safari/537.36',
  'upgrade-insecure-requests' => '1',
  'cache-control' => 'no-cache',
  'pragma' => 'no-cache',
  'connection' => 'close',
  'host' => 'localhost',
)
[ info ] [ PARAM ] array (
)
[ info ] [ RUN ] app\admin\controller\Cate->add[ C:\Users\Administrator\Desktop\work\WWW\tnews\application\admin\controller\Cate.php ]
[ info ] [ DB ] INIT mysql
[ info ] [ VIEW ] C:\Users\Administrator\Desktop\work\WWW\tnews\public/../application/admin\view\cate\add.html [ array (
  0 => 'contrname',
  1 => 'catlist',
) ]
[ info ] [ LOG ] INIT File
[ sql ] [ DB ] CONNECT:[ UseTime:0.003000s ] mysql:host=127.0.0.1;dbname=tnews;charset=utf8
[ sql ] [ SQL ] SHOW COLUMNS FROM `t_cat` [ RunTime:0.010001s ]
[ sql ] [ SQL ] SELECT * FROM `t_cat` [ RunTime:0.001000s ]
---------------------------------------------------------------
[ 2018-12-03T00:03:43+08:00 ] 0.0.0.0 GET localhost/tnews/public/index.php/admin/cate/
[运行时间：0.036002s] [吞吐率：27.78req/s] [内存消耗：1,329.99kb] [文件加载：36]
[ info ] [ LANG ] C:\Users\Administrator\Desktop\work\WWW\tnews\thinkphp\lang\zh-cn.php
[ info ] [ ROUTE ] array (
  'type' => 'module',
  'module' => 
  array (
    0 => 'admin',
    1 => 'cate',
    2 => NULL,
  ),
)
[ info ] [ HEADER ] array (
  'cookie' => 'Hm_lvt_636802045446222199ae541e32c8133e=1527694741; pgv_pvi=6433497088; wp-settings-1=editor%3Dhtml; wp-settings-time-1=1541776314; pgv_si=s8546510848',
  'accept-language' => 'zh-CN,zh;q=0.9',
  'accept-encoding' => 'gzip, deflate, br',
  'referer' => 'http://localhost/tnews/public/index.php/admin/cate/add.html',
  'accept' => '*/*',
  'user-agent' => 'Mozilla/5.0 (Windows NT 6.1; WOW64) AppleWebKit/537.36 (KHTML, like Gecko) Chrome/63.0.3239.132 Safari/537.36',
  'x-requested-with' => 'ShockwaveFlash/27.0.0.187',
  'cache-control' => 'no-cache',
  'pragma' => 'no-cache',
  'connection' => 'close',
  'host' => 'localhost',
)
[ info ] [ PARAM ] array (
)
[ info ] [ RUN ] app\admin\controller\Cate->index[ C:\Users\Administrator\Desktop\work\WWW\tnews\application\admin\controller\Cate.php ]
[ info ] [ VIEW ] C:\Users\Administrator\Desktop\work\WWW\tnews\public/../application/admin\view\cate\index.html [ array (
  0 => 'contrname',
) ]
[ info ] [ LOG ] INIT File
---------------------------------------------------------------
[ 2018-12-03T00:06:37+08:00 ] 0.0.0.0 GET localhost/tnews/public/index.php/admin/cate/add.html
[运行时间：0.077004s] [吞吐率：12.99req/s] [内存消耗：2,127.41kb] [文件加载：43]
[ info ] [ LANG ] C:\Users\Administrator\Desktop\work\WWW\tnews\thinkphp\lang\zh-cn.php
[ info ] [ ROUTE ] array (
  'type' => 'module',
  'module' => 
  array (
    0 => 'admin',
    1 => 'cate',
    2 => 'add',
  ),
)
[ info ] [ HEADER ] array (
  'cookie' => 'Hm_lvt_636802045446222199ae541e32c8133e=1527694741; pgv_pvi=6433497088; wp-settings-1=editor%3Dhtml; wp-settings-time-1=1541776314; pgv_si=s8546510848',
  'accept-language' => 'zh-CN,zh;q=0.9',
  'accept-encoding' => 'gzip, deflate, br',
  'referer' => 'http://localhost/tnews/public/index.php/admin/cate/index.html',
  'accept' => 'text/html,application/xhtml+xml,application/xml;q=0.9,image/webp,image/apng,*/*;q=0.8',
  'user-agent' => 'Mozilla/5.0 (Windows NT 6.1; WOW64) AppleWebKit/537.36 (KHTML, like Gecko) Chrome/63.0.3239.132 Safari/537.36',
  'upgrade-insecure-requests' => '1',
  'cache-control' => 'no-cache',
  'pragma' => 'no-cache',
  'connection' => 'close',
  'host' => 'localhost',
)
[ info ] [ PARAM ] array (
)
[ info ] [ RUN ] app\admin\controller\Cate->add[ C:\Users\Administrator\Desktop\work\WWW\tnews\application\admin\controller\Cate.php ]
[ info ] [ DB ] INIT mysql
[ info ] [ VIEW ] C:\Users\Administrator\Desktop\work\WWW\tnews\public/../application/admin\view\cate\add.html [ array (
  0 => 'contrname',
  1 => 'catlist',
) ]
[ info ] [ LOG ] INIT File
[ sql ] [ DB ] CONNECT:[ UseTime:0.013001s ] mysql:host=127.0.0.1;dbname=tnews;charset=utf8
[ sql ] [ SQL ] SHOW COLUMNS FROM `t_cat` [ RunTime:0.011001s ]
[ sql ] [ SQL ] SELECT * FROM `t_cat` [ RunTime:0.001000s ]
---------------------------------------------------------------
[ 2018-12-03T00:06:40+08:00 ] 0.0.0.0 GET localhost/tnews/public/index.php/admin/cate/
[运行时间：0.039002s] [吞吐率：25.64req/s] [内存消耗：1,329.99kb] [文件加载：36]
[ info ] [ LANG ] C:\Users\Administrator\Desktop\work\WWW\tnews\thinkphp\lang\zh-cn.php
[ info ] [ ROUTE ] array (
  'type' => 'module',
  'module' => 
  array (
    0 => 'admin',
    1 => 'cate',
    2 => NULL,
  ),
)
[ info ] [ HEADER ] array (
  'cookie' => 'Hm_lvt_636802045446222199ae541e32c8133e=1527694741; pgv_pvi=6433497088; wp-settings-1=editor%3Dhtml; wp-settings-time-1=1541776314; pgv_si=s8546510848',
  'accept-language' => 'zh-CN,zh;q=0.9',
  'accept-encoding' => 'gzip, deflate, br',
  'referer' => 'http://localhost/tnews/public/index.php/admin/cate/add.html',
  'accept' => '*/*',
  'user-agent' => 'Mozilla/5.0 (Windows NT 6.1; WOW64) AppleWebKit/537.36 (KHTML, like Gecko) Chrome/63.0.3239.132 Safari/537.36',
  'x-requested-with' => 'ShockwaveFlash/27.0.0.187',
  'cache-control' => 'no-cache',
  'pragma' => 'no-cache',
  'connection' => 'close',
  'host' => 'localhost',
)
[ info ] [ PARAM ] array (
)
[ info ] [ RUN ] app\admin\controller\Cate->index[ C:\Users\Administrator\Desktop\work\WWW\tnews\application\admin\controller\Cate.php ]
[ info ] [ VIEW ] C:\Users\Administrator\Desktop\work\WWW\tnews\public/../application/admin\view\cate\index.html [ array (
  0 => 'contrname',
) ]
[ info ] [ LOG ] INIT File
---------------------------------------------------------------
[ 2018-12-03T00:06:40+08:00 ] 0.0.0.0 GET localhost/tnews/public/index.php/admin/cate/add.html
[运行时间：0.068004s] [吞吐率：14.70req/s] [内存消耗：2,126.55kb] [文件加载：43]
[ info ] [ LANG ] C:\Users\Administrator\Desktop\work\WWW\tnews\thinkphp\lang\zh-cn.php
[ info ] [ ROUTE ] array (
  'type' => 'module',
  'module' => 
  array (
    0 => 'admin',
    1 => 'cate',
    2 => 'add',
  ),
)
[ info ] [ HEADER ] array (
  'cookie' => 'Hm_lvt_636802045446222199ae541e32c8133e=1527694741; pgv_pvi=6433497088; wp-settings-1=editor%3Dhtml; wp-settings-time-1=1541776314; pgv_si=s8546510848',
  'accept-language' => 'zh-CN,zh;q=0.9',
  'accept-encoding' => 'gzip, deflate, br',
  'accept' => 'text/html,application/xhtml+xml,application/xml;q=0.9,image/webp,image/apng,*/*;q=0.8',
  'user-agent' => 'Mozilla/5.0 (Windows NT 6.1; WOW64) AppleWebKit/537.36 (KHTML, like Gecko) Chrome/63.0.3239.132 Safari/537.36',
  'upgrade-insecure-requests' => '1',
  'connection' => 'close',
  'host' => 'localhost',
)
[ info ] [ PARAM ] array (
)
[ info ] [ RUN ] app\admin\controller\Cate->add[ C:\Users\Administrator\Desktop\work\WWW\tnews\application\admin\controller\Cate.php ]
[ info ] [ DB ] INIT mysql
[ info ] [ VIEW ] C:\Users\Administrator\Desktop\work\WWW\tnews\public/../application/admin\view\cate\add.html [ array (
  0 => 'contrname',
  1 => 'catlist',
) ]
[ info ] [ LOG ] INIT File
[ sql ] [ DB ] CONNECT:[ UseTime:0.002000s ] mysql:host=127.0.0.1;dbname=tnews;charset=utf8
[ sql ] [ SQL ] SHOW COLUMNS FROM `t_cat` [ RunTime:0.012001s ]
[ sql ] [ SQL ] SELECT * FROM `t_cat` [ RunTime:0.001000s ]
---------------------------------------------------------------
[ 2018-12-03T00:06:41+08:00 ] 0.0.0.0 GET localhost/tnews/public/index.php/admin/cate/
[运行时间：0.035002s] [吞吐率：28.57req/s] [内存消耗：1,329.62kb] [文件加载：36]
[ info ] [ LANG ] C:\Users\Administrator\Desktop\work\WWW\tnews\thinkphp\lang\zh-cn.php
[ info ] [ ROUTE ] array (
  'type' => 'module',
  'module' => 
  array (
    0 => 'admin',
    1 => 'cate',
    2 => NULL,
  ),
)
[ info ] [ HEADER ] array (
  'cookie' => 'Hm_lvt_636802045446222199ae541e32c8133e=1527694741; pgv_pvi=6433497088; wp-settings-1=editor%3Dhtml; wp-settings-time-1=1541776314; pgv_si=s8546510848',
  'accept-language' => 'zh-CN,zh;q=0.9',
  'accept-encoding' => 'gzip, deflate, br',
  'referer' => 'http://localhost/tnews/public/index.php/admin/cate/add.html',
  'accept' => '*/*',
  'x-requested-with' => 'ShockwaveFlash/27.0.0.187',
  'user-agent' => 'Mozilla/5.0 (Windows NT 6.1; WOW64) AppleWebKit/537.36 (KHTML, like Gecko) Chrome/63.0.3239.132 Safari/537.36',
  'connection' => 'close',
  'host' => 'localhost',
)
[ info ] [ PARAM ] array (
)
[ info ] [ RUN ] app\admin\controller\Cate->index[ C:\Users\Administrator\Desktop\work\WWW\tnews\application\admin\controller\Cate.php ]
[ info ] [ VIEW ] C:\Users\Administrator\Desktop\work\WWW\tnews\public/../application/admin\view\cate\index.html [ array (
  0 => 'contrname',
) ]
[ info ] [ LOG ] INIT File
---------------------------------------------------------------
[ 2018-12-03T00:06:43+08:00 ] 0.0.0.0 GET localhost/tnews/public/index.php/admin/cate/
[运行时间：0.035002s] [吞吐率：28.57req/s] [内存消耗：1,329.99kb] [文件加载：36]
[ info ] [ LANG ] C:\Users\Administrator\Desktop\work\WWW\tnews\thinkphp\lang\zh-cn.php
[ info ] [ ROUTE ] array (
  'type' => 'module',
  'module' => 
  array (
    0 => 'admin',
    1 => 'cate',
    2 => NULL,
  ),
)
[ info ] [ HEADER ] array (
  'cookie' => 'Hm_lvt_636802045446222199ae541e32c8133e=1527694741; pgv_pvi=6433497088; wp-settings-1=editor%3Dhtml; wp-settings-time-1=1541776314; pgv_si=s8546510848',
  'accept-language' => 'zh-CN,zh;q=0.9',
  'accept-encoding' => 'gzip, deflate, br',
  'referer' => 'http://localhost/tnews/public/index.php/admin/cate/add.html',
  'accept' => '*/*',
  'user-agent' => 'Mozilla/5.0 (Windows NT 6.1; WOW64) AppleWebKit/537.36 (KHTML, like Gecko) Chrome/63.0.3239.132 Safari/537.36',
  'x-requested-with' => 'ShockwaveFlash/27.0.0.187',
  'cache-control' => 'no-cache',
  'pragma' => 'no-cache',
  'connection' => 'close',
  'host' => 'localhost',
)
[ info ] [ PARAM ] array (
)
[ info ] [ RUN ] app\admin\controller\Cate->index[ C:\Users\Administrator\Desktop\work\WWW\tnews\application\admin\controller\Cate.php ]
[ info ] [ VIEW ] C:\Users\Administrator\Desktop\work\WWW\tnews\public/../application/admin\view\cate\index.html [ array (
  0 => 'contrname',
) ]
[ info ] [ LOG ] INIT File
---------------------------------------------------------------
[ 2018-12-03T00:36:21+08:00 ] 0.0.0.0 GET localhost/tnews/public/index.php/admin/cate/add.html
[运行时间：0.045003s] [吞吐率：22.22req/s] [内存消耗：1,292.99kb] [文件加载：36]
[ info ] [ LANG ] C:\Users\Administrator\Desktop\work\WWW\tnews\thinkphp\lang\zh-cn.php
[ info ] [ ROUTE ] array (
  'type' => 'module',
  'module' => 
  array (
    0 => 'admin',
    1 => 'cate',
    2 => 'add',
  ),
)
[ info ] [ HEADER ] array (
  'cookie' => 'Hm_lvt_636802045446222199ae541e32c8133e=1527694741; pgv_pvi=6433497088; wp-settings-1=editor%3Dhtml; wp-settings-time-1=1541776314; pgv_si=s8546510848',
  'accept-language' => 'zh-CN,zh;q=0.9',
  'accept-encoding' => 'gzip, deflate, br',
  'referer' => 'http://localhost/tnews/public/index.php/admin/cate/index.html',
  'accept' => 'text/html,application/xhtml+xml,application/xml;q=0.9,image/webp,image/apng,*/*;q=0.8',
  'user-agent' => 'Mozilla/5.0 (Windows NT 6.1; WOW64) AppleWebKit/537.36 (KHTML, like Gecko) Chrome/63.0.3239.132 Safari/537.36',
  'upgrade-insecure-requests' => '1',
  'cache-control' => 'no-cache',
  'pragma' => 'no-cache',
  'connection' => 'close',
  'host' => 'localhost',
)
[ info ] [ PARAM ] array (
)
[ info ] [ RUN ] app\admin\controller\Cate->add[ C:\Users\Administrator\Desktop\work\WWW\tnews\application\admin\controller\Cate.php ]
[ info ] [ LOG ] INIT File
[ error ] [0]类不存在:app\common\model\Cat[C:\Users\Administrator\Desktop\work\WWW\tnews\thinkphp\library\think\Loader.php:457]
---------------------------------------------------------------
[ 2018-12-03T00:37:15+08:00 ] 0.0.0.0 GET localhost/tnews/public/index.php/admin/cate/add.html
[运行时间：0.098005s] [吞吐率：10.20req/s] [内存消耗：2,383.84kb] [文件加载：46]
[ info ] [ LANG ] C:\Users\Administrator\Desktop\work\WWW\tnews\thinkphp\lang\zh-cn.php
[ info ] [ ROUTE ] array (
  'type' => 'module',
  'module' => 
  array (
    0 => 'admin',
    1 => 'cate',
    2 => 'add',
  ),
)
[ info ] [ HEADER ] array (
  'cookie' => 'Hm_lvt_636802045446222199ae541e32c8133e=1527694741; pgv_pvi=6433497088; wp-settings-1=editor%3Dhtml; wp-settings-time-1=1541776314; pgv_si=s8546510848',
  'accept-language' => 'zh-CN,zh;q=0.9',
  'accept-encoding' => 'gzip, deflate, br',
  'referer' => 'http://localhost/tnews/public/index.php/admin/cate/index.html',
  'accept' => 'text/html,application/xhtml+xml,application/xml;q=0.9,image/webp,image/apng,*/*;q=0.8',
  'user-agent' => 'Mozilla/5.0 (Windows NT 6.1; WOW64) AppleWebKit/537.36 (KHTML, like Gecko) Chrome/63.0.3239.132 Safari/537.36',
  'upgrade-insecure-requests' => '1',
  'cache-control' => 'no-cache',
  'pragma' => 'no-cache',
  'connection' => 'close',
  'host' => 'localhost',
)
[ info ] [ PARAM ] array (
)
[ info ] [ RUN ] app\admin\controller\Cate->add[ C:\Users\Administrator\Desktop\work\WWW\tnews\application\admin\controller\Cate.php ]
[ info ] [ DB ] INIT mysql
[ info ] [ LOG ] INIT File
[ sql ] [ DB ] CONNECT:[ UseTime:0.003000s ] mysql:host=127.0.0.1;dbname=tnews;charset=utf8
[ sql ] [ SQL ] SHOW COLUMNS FROM `t_cat` [ RunTime:0.016000s ]
[ sql ] [ SQL ] SELECT * FROM `t_cat` ORDER BY `id` DESC [ RunTime:0.001000s ]
[ error ] [8]未定义变量: catelist[C:\Users\Administrator\Desktop\work\WWW\tnews\application\admin\model\Cat.php:8]
---------------------------------------------------------------
[ 2018-12-03T00:38:47+08:00 ] 0.0.0.0 GET localhost/tnews/public/index.php/admin/cate/add.html
[运行时间：0.083004s] [吞吐率：12.05req/s] [内存消耗：2,454.46kb] [文件加载：45]
[ info ] [ LANG ] C:\Users\Administrator\Desktop\work\WWW\tnews\thinkphp\lang\zh-cn.php
[ info ] [ ROUTE ] array (
  'type' => 'module',
  'module' => 
  array (
    0 => 'admin',
    1 => 'cate',
    2 => 'add',
  ),
)
[ info ] [ HEADER ] array (
  'cookie' => 'Hm_lvt_636802045446222199ae541e32c8133e=1527694741; pgv_pvi=6433497088; wp-settings-1=editor%3Dhtml; wp-settings-time-1=1541776314; pgv_si=s8546510848',
  'accept-language' => 'zh-CN,zh;q=0.9',
  'accept-encoding' => 'gzip, deflate, br',
  'referer' => 'http://localhost/tnews/public/index.php/admin/cate/index.html',
  'accept' => 'text/html,application/xhtml+xml,application/xml;q=0.9,image/webp,image/apng,*/*;q=0.8',
  'user-agent' => 'Mozilla/5.0 (Windows NT 6.1; WOW64) AppleWebKit/537.36 (KHTML, like Gecko) Chrome/63.0.3239.132 Safari/537.36',
  'upgrade-insecure-requests' => '1',
  'cache-control' => 'no-cache',
  'pragma' => 'no-cache',
  'connection' => 'close',
  'host' => 'localhost',
)
[ info ] [ PARAM ] array (
)
[ info ] [ RUN ] app\admin\controller\Cate->add[ C:\Users\Administrator\Desktop\work\WWW\tnews\application\admin\controller\Cate.php ]
[ info ] [ DB ] INIT mysql
[ info ] [ VIEW ] C:\Users\Administrator\Desktop\work\WWW\tnews\public/../application/admin\view\cate\add.html [ array (
  0 => 'contrname',
  1 => 'catlist',
) ]
[ info ] [ LOG ] INIT File
[ sql ] [ DB ] CONNECT:[ UseTime:0.002000s ] mysql:host=127.0.0.1;dbname=tnews;charset=utf8
[ sql ] [ SQL ] SHOW COLUMNS FROM `t_cat` [ RunTime:0.018001s ]
[ sql ] [ SQL ] SELECT * FROM `t_cat` ORDER BY `id` DESC [ RunTime:0.001000s ]
---------------------------------------------------------------
[ 2018-12-03T00:38:48+08:00 ] 0.0.0.0 GET localhost/tnews/public/index.php/admin/cate/
[运行时间：0.036002s] [吞吐率：27.78req/s] [内存消耗：1,329.99kb] [文件加载：36]
[ info ] [ LANG ] C:\Users\Administrator\Desktop\work\WWW\tnews\thinkphp\lang\zh-cn.php
[ info ] [ ROUTE ] array (
  'type' => 'module',
  'module' => 
  array (
    0 => 'admin',
    1 => 'cate',
    2 => NULL,
  ),
)
[ info ] [ HEADER ] array (
  'cookie' => 'Hm_lvt_636802045446222199ae541e32c8133e=1527694741; pgv_pvi=6433497088; wp-settings-1=editor%3Dhtml; wp-settings-time-1=1541776314; pgv_si=s8546510848',
  'accept-language' => 'zh-CN,zh;q=0.9',
  'accept-encoding' => 'gzip, deflate, br',
  'referer' => 'http://localhost/tnews/public/index.php/admin/cate/add.html',
  'accept' => '*/*',
  'user-agent' => 'Mozilla/5.0 (Windows NT 6.1; WOW64) AppleWebKit/537.36 (KHTML, like Gecko) Chrome/63.0.3239.132 Safari/537.36',
  'x-requested-with' => 'ShockwaveFlash/27.0.0.187',
  'cache-control' => 'no-cache',
  'pragma' => 'no-cache',
  'connection' => 'close',
  'host' => 'localhost',
)
[ info ] [ PARAM ] array (
)
[ info ] [ RUN ] app\admin\controller\Cate->index[ C:\Users\Administrator\Desktop\work\WWW\tnews\application\admin\controller\Cate.php ]
[ info ] [ VIEW ] C:\Users\Administrator\Desktop\work\WWW\tnews\public/../application/admin\view\cate\index.html [ array (
  0 => 'contrname',
) ]
[ info ] [ LOG ] INIT File
---------------------------------------------------------------
[ 2018-12-03T00:40:43+08:00 ] 0.0.0.0 GET localhost/tnews/public/index.php/admin/cate/add.html
[运行时间：0.104006s] [吞吐率：9.61req/s] [内存消耗：2,349.10kb] [文件加载：42]
[ info ] [ LANG ] C:\Users\Administrator\Desktop\work\WWW\tnews\thinkphp\lang\zh-cn.php
[ info ] [ ROUTE ] array (
  'type' => 'module',
  'module' => 
  array (
    0 => 'admin',
    1 => 'cate',
    2 => 'add',
  ),
)
[ info ] [ HEADER ] array (
  'cookie' => 'Hm_lvt_636802045446222199ae541e32c8133e=1527694741; pgv_pvi=6433497088; wp-settings-1=editor%3Dhtml; wp-settings-time-1=1541776314; pgv_si=s8546510848',
  'accept-language' => 'zh-CN,zh;q=0.9',
  'accept-encoding' => 'gzip, deflate, br',
  'referer' => 'http://localhost/tnews/public/index.php/admin/cate/index.html',
  'accept' => 'text/html,application/xhtml+xml,application/xml;q=0.9,image/webp,image/apng,*/*;q=0.8',
  'user-agent' => 'Mozilla/5.0 (Windows NT 6.1; WOW64) AppleWebKit/537.36 (KHTML, like Gecko) Chrome/63.0.3239.132 Safari/537.36',
  'upgrade-insecure-requests' => '1',
  'cache-control' => 'no-cache',
  'pragma' => 'no-cache',
  'connection' => 'close',
  'host' => 'localhost',
)
[ info ] [ PARAM ] array (
)
[ info ] [ RUN ] app\admin\controller\Cate->add[ C:\Users\Administrator\Desktop\work\WWW\tnews\application\admin\controller\Cate.php ]
[ info ] [ DB ] INIT mysql
[ info ] [ LOG ] INIT File
[ sql ] [ DB ] CONNECT:[ UseTime:0.002000s ] mysql:host=127.0.0.1;dbname=tnews;charset=utf8
[ sql ] [ SQL ] SHOW COLUMNS FROM `t_cat` [ RunTime:0.016001s ]
[ sql ] [ SQL ] SELECT * FROM `t_cat` ORDER BY `id` DESC [ RunTime:0.001000s ]
---------------------------------------------------------------
[ 2018-12-03T00:40:55+08:00 ] 0.0.0.0 GET localhost/tnews/public/index.php/admin/cate/add.html
[运行时间：0.082005s] [吞吐率：12.19req/s] [内存消耗：2,454.46kb] [文件加载：45]
[ info ] [ LANG ] C:\Users\Administrator\Desktop\work\WWW\tnews\thinkphp\lang\zh-cn.php
[ info ] [ ROUTE ] array (
  'type' => 'module',
  'module' => 
  array (
    0 => 'admin',
    1 => 'cate',
    2 => 'add',
  ),
)
[ info ] [ HEADER ] array (
  'cookie' => 'Hm_lvt_636802045446222199ae541e32c8133e=1527694741; pgv_pvi=6433497088; wp-settings-1=editor%3Dhtml; wp-settings-time-1=1541776314; pgv_si=s8546510848',
  'accept-language' => 'zh-CN,zh;q=0.9',
  'accept-encoding' => 'gzip, deflate, br',
  'referer' => 'http://localhost/tnews/public/index.php/admin/cate/index.html',
  'accept' => 'text/html,application/xhtml+xml,application/xml;q=0.9,image/webp,image/apng,*/*;q=0.8',
  'user-agent' => 'Mozilla/5.0 (Windows NT 6.1; WOW64) AppleWebKit/537.36 (KHTML, like Gecko) Chrome/63.0.3239.132 Safari/537.36',
  'upgrade-insecure-requests' => '1',
  'cache-control' => 'no-cache',
  'pragma' => 'no-cache',
  'connection' => 'close',
  'host' => 'localhost',
)
[ info ] [ PARAM ] array (
)
[ info ] [ RUN ] app\admin\controller\Cate->add[ C:\Users\Administrator\Desktop\work\WWW\tnews\application\admin\controller\Cate.php ]
[ info ] [ DB ] INIT mysql
[ info ] [ VIEW ] C:\Users\Administrator\Desktop\work\WWW\tnews\public/../application/admin\view\cate\add.html [ array (
  0 => 'contrname',
  1 => 'catlist',
) ]
[ info ] [ LOG ] INIT File
[ sql ] [ DB ] CONNECT:[ UseTime:0.001001s ] mysql:host=127.0.0.1;dbname=tnews;charset=utf8
[ sql ] [ SQL ] SHOW COLUMNS FROM `t_cat` [ RunTime:0.017001s ]
[ sql ] [ SQL ] SELECT * FROM `t_cat` ORDER BY `id` DESC [ RunTime:0.001000s ]
---------------------------------------------------------------
[ 2018-12-03T00:40:55+08:00 ] 0.0.0.0 GET localhost/tnews/public/index.php/admin/cate/
[运行时间：0.040002s] [吞吐率：25.00req/s] [内存消耗：1,329.99kb] [文件加载：36]
[ info ] [ LANG ] C:\Users\Administrator\Desktop\work\WWW\tnews\thinkphp\lang\zh-cn.php
[ info ] [ ROUTE ] array (
  'type' => 'module',
  'module' => 
  array (
    0 => 'admin',
    1 => 'cate',
    2 => NULL,
  ),
)
[ info ] [ HEADER ] array (
  'cookie' => 'Hm_lvt_636802045446222199ae541e32c8133e=1527694741; pgv_pvi=6433497088; wp-settings-1=editor%3Dhtml; wp-settings-time-1=1541776314; pgv_si=s8546510848',
  'accept-language' => 'zh-CN,zh;q=0.9',
  'accept-encoding' => 'gzip, deflate, br',
  'referer' => 'http://localhost/tnews/public/index.php/admin/cate/add.html',
  'accept' => '*/*',
  'user-agent' => 'Mozilla/5.0 (Windows NT 6.1; WOW64) AppleWebKit/537.36 (KHTML, like Gecko) Chrome/63.0.3239.132 Safari/537.36',
  'x-requested-with' => 'ShockwaveFlash/27.0.0.187',
  'cache-control' => 'no-cache',
  'pragma' => 'no-cache',
  'connection' => 'close',
  'host' => 'localhost',
)
[ info ] [ PARAM ] array (
)
[ info ] [ RUN ] app\admin\controller\Cate->index[ C:\Users\Administrator\Desktop\work\WWW\tnews\application\admin\controller\Cate.php ]
[ info ] [ VIEW ] C:\Users\Administrator\Desktop\work\WWW\tnews\public/../application/admin\view\cate\index.html [ array (
  0 => 'contrname',
) ]
[ info ] [ LOG ] INIT File
---------------------------------------------------------------
[ 2018-12-03T00:44:23+08:00 ] 0.0.0.0 GET localhost/tnews/public/index.php/admin/cate/add.html
[运行时间：0.079005s] [吞吐率：12.66req/s] [内存消耗：2,348.52kb] [文件加载：42]
[ info ] [ LANG ] C:\Users\Administrator\Desktop\work\WWW\tnews\thinkphp\lang\zh-cn.php
[ info ] [ ROUTE ] array (
  'type' => 'module',
  'module' => 
  array (
    0 => 'admin',
    1 => 'cate',
    2 => 'add',
  ),
)
[ info ] [ HEADER ] array (
  'cookie' => 'Hm_lvt_636802045446222199ae541e32c8133e=1527694741; pgv_pvi=6433497088; wp-settings-1=editor%3Dhtml; wp-settings-time-1=1541776314; pgv_si=s8546510848',
  'accept-language' => 'zh-CN,zh;q=0.9',
  'accept-encoding' => 'gzip, deflate, br',
  'accept' => 'text/html,application/xhtml+xml,application/xml;q=0.9,image/webp,image/apng,*/*;q=0.8',
  'user-agent' => 'Mozilla/5.0 (Windows NT 6.1; WOW64) AppleWebKit/537.36 (KHTML, like Gecko) Chrome/63.0.3239.132 Safari/537.36',
  'upgrade-insecure-requests' => '1',
  'cache-control' => 'max-age=0',
  'connection' => 'close',
  'host' => 'localhost',
)
[ info ] [ PARAM ] array (
)
[ info ] [ RUN ] app\admin\controller\Cate->add[ C:\Users\Administrator\Desktop\work\WWW\tnews\application\admin\controller\Cate.php ]
[ info ] [ DB ] INIT mysql
[ info ] [ LOG ] INIT File
[ sql ] [ DB ] CONNECT:[ UseTime:0.003000s ] mysql:host=127.0.0.1;dbname=tnews;charset=utf8
[ sql ] [ SQL ] SHOW COLUMNS FROM `t_cat` [ RunTime:0.012001s ]
[ sql ] [ SQL ] SELECT * FROM `t_cat` ORDER BY `id` DESC [ RunTime:0.001000s ]
---------------------------------------------------------------
[ 2018-12-03T00:47:53+08:00 ] 0.0.0.0 GET localhost/tnews/public/index.php/admin/cate/add.html
[运行时间：0.089005s] [吞吐率：11.24req/s] [内存消耗：2,620.30kb] [文件加载：47]
[ info ] [ LANG ] C:\Users\Administrator\Desktop\work\WWW\tnews\thinkphp\lang\zh-cn.php
[ info ] [ ROUTE ] array (
  'type' => 'module',
  'module' => 
  array (
    0 => 'admin',
    1 => 'cate',
    2 => 'add',
  ),
)
[ info ] [ HEADER ] array (
  'cookie' => 'Hm_lvt_636802045446222199ae541e32c8133e=1527694741; pgv_pvi=6433497088; wp-settings-1=editor%3Dhtml; wp-settings-time-1=1541776314; pgv_si=s8546510848',
  'accept-language' => 'zh-CN,zh;q=0.9',
  'accept-encoding' => 'gzip, deflate, br',
  'referer' => 'http://localhost/tnews/public/index.php/admin/cate/index.html',
  'accept' => 'text/html,application/xhtml+xml,application/xml;q=0.9,image/webp,image/apng,*/*;q=0.8',
  'user-agent' => 'Mozilla/5.0 (Windows NT 6.1; WOW64) AppleWebKit/537.36 (KHTML, like Gecko) Chrome/63.0.3239.132 Safari/537.36',
  'upgrade-insecure-requests' => '1',
  'cache-control' => 'no-cache',
  'pragma' => 'no-cache',
  'connection' => 'close',
  'host' => 'localhost',
)
[ info ] [ PARAM ] array (
)
[ info ] [ RUN ] app\admin\controller\Cate->add[ C:\Users\Administrator\Desktop\work\WWW\tnews\application\admin\controller\Cate.php ]
[ info ] [ DB ] INIT mysql
[ info ] [ VIEW ] C:\Users\Administrator\Desktop\work\WWW\tnews\public/../application/admin\view\cate\add.html [ array (
  0 => 'contrname',
  1 => 'catlist',
) ]
[ info ] [ LOG ] INIT File
[ sql ] [ DB ] CONNECT:[ UseTime:0.002000s ] mysql:host=127.0.0.1;dbname=tnews;charset=utf8
[ sql ] [ SQL ] SHOW COLUMNS FROM `t_cat` [ RunTime:0.013001s ]
[ sql ] [ SQL ] SELECT * FROM `t_cat` ORDER BY `id` DESC [ RunTime:0.001000s ]
---------------------------------------------------------------
[ 2018-12-03T00:47:54+08:00 ] 0.0.0.0 GET localhost/tnews/public/index.php/admin/cate/
[运行时间：0.038002s] [吞吐率：26.31req/s] [内存消耗：1,329.99kb] [文件加载：36]
[ info ] [ LANG ] C:\Users\Administrator\Desktop\work\WWW\tnews\thinkphp\lang\zh-cn.php
[ info ] [ ROUTE ] array (
  'type' => 'module',
  'module' => 
  array (
    0 => 'admin',
    1 => 'cate',
    2 => NULL,
  ),
)
[ info ] [ HEADER ] array (
  'cookie' => 'Hm_lvt_636802045446222199ae541e32c8133e=1527694741; pgv_pvi=6433497088; wp-settings-1=editor%3Dhtml; wp-settings-time-1=1541776314; pgv_si=s8546510848',
  'accept-language' => 'zh-CN,zh;q=0.9',
  'accept-encoding' => 'gzip, deflate, br',
  'referer' => 'http://localhost/tnews/public/index.php/admin/cate/add.html',
  'accept' => '*/*',
  'user-agent' => 'Mozilla/5.0 (Windows NT 6.1; WOW64) AppleWebKit/537.36 (KHTML, like Gecko) Chrome/63.0.3239.132 Safari/537.36',
  'x-requested-with' => 'ShockwaveFlash/27.0.0.187',
  'cache-control' => 'no-cache',
  'pragma' => 'no-cache',
  'connection' => 'close',
  'host' => 'localhost',
)
[ info ] [ PARAM ] array (
)
[ info ] [ RUN ] app\admin\controller\Cate->index[ C:\Users\Administrator\Desktop\work\WWW\tnews\application\admin\controller\Cate.php ]
[ info ] [ VIEW ] C:\Users\Administrator\Desktop\work\WWW\tnews\public/../application/admin\view\cate\index.html [ array (
  0 => 'contrname',
) ]
[ info ] [ LOG ] INIT File
---------------------------------------------------------------
[ 2018-12-03T00:50:28+08:00 ] 0.0.0.0 GET localhost/tnews/public/index.php/admin/cate/index.html
[运行时间：0.076005s] [吞吐率：13.16req/s] [内存消耗：1,330.38kb] [文件加载：36]
[ info ] [ LANG ] C:\Users\Administrator\Desktop\work\WWW\tnews\thinkphp\lang\zh-cn.php
[ info ] [ ROUTE ] array (
  'type' => 'module',
  'module' => 
  array (
    0 => 'admin',
    1 => 'cate',
    2 => 'index',
  ),
)
[ info ] [ HEADER ] array (
  'cookie' => 'Hm_lvt_636802045446222199ae541e32c8133e=1527694741; pgv_pvi=6433497088; wp-settings-1=editor%3Dhtml; wp-settings-time-1=1541776314; pgv_si=s8546510848',
  'accept-language' => 'zh-CN,zh;q=0.9',
  'accept-encoding' => 'gzip, deflate, br',
  'referer' => 'http://localhost/tnews/public/index.php/admin/cate/add.html',
  'accept' => 'text/html,application/xhtml+xml,application/xml;q=0.9,image/webp,image/apng,*/*;q=0.8',
  'user-agent' => 'Mozilla/5.0 (Windows NT 6.1; WOW64) AppleWebKit/537.36 (KHTML, like Gecko) Chrome/63.0.3239.132 Safari/537.36',
  'upgrade-insecure-requests' => '1',
  'cache-control' => 'no-cache',
  'pragma' => 'no-cache',
  'connection' => 'close',
  'host' => 'localhost',
)
[ info ] [ PARAM ] array (
)
[ info ] [ RUN ] app\admin\controller\Cate->index[ C:\Users\Administrator\Desktop\work\WWW\tnews\application\admin\controller\Cate.php ]
[ info ] [ VIEW ] C:\Users\Administrator\Desktop\work\WWW\tnews\public/../application/admin\view\cate\index.html [ array (
  0 => 'contrname',
) ]
[ info ] [ LOG ] INIT File
