---------------------------------------------------------------
[ 2018-11-28T09:08:36+08:00 ] 0.0.0.0 GET localhost/tnews/public/index.php
[运行时间：0.045003s] [吞吐率：22.22req/s] [内存消耗：987.98kb] [文件加载：25]
[ info ] [ LANG ] C:\Users\Administrator\Desktop\web\WWW\tnews\thinkphp\lang\zh-cn.php
[ info ] [ ROUTE ] array (
  'type' => 'module',
  'module' => 
  array (
    0 => '',
    1 => NULL,
    2 => NULL,
  ),
)
[ info ] [ HEADER ] array (
  'cookie' => 'pgv_pvi=9029182464; LiveWSPQT27017055=1522803124030482519424; NPQT27017055fistvisitetime=1522803124056; NPQT27017055visitecounts=1; NPQT27017055lastvisitetime=1522812519810; NPQT27017055visitepages=14; Hm_lvt_b298bc84865eb709cd200e818116177f=1522803124,1522812212; LiveWSPQT85229253=1523321113809568953836; NPQT85229253fistvisitetime=1523321113838; NPQT85229253visitecounts=1; NPQT85229253lastvisitetime=1523322318849; NPQT85229253visitepages=18; LiveWSPDT77362966=1523416572994658594441; NPDT77362966fistvisitetime=1523416573019; NPDT77362966IP=%7C1.192.176.189%7C; NPDT77362966visitecounts=2; NPDT77362966lastvisitetime=1523501837584; NPDT77362966visitepages=138; Hm_lvt_dde7a6a85a310bab3134e12515c566eb=1523417692,1523435612,1523443002,1523493759; LiveWSNET15426586=1523848534249544989762; NNET15426586fistvisitetime=1523848534283; NNET15426586visitecounts=1; NNET15426586lastvisitetime=1523849210814; NNET15426586visitepages=12; LiveWSBFT98375992=1524817778917362329282; NBFT98375992fistvisitetime=1524817778954; NBFT98375992visitecounts=1; Hm_lvt_3d588d0cc952c09cfefaaa0cb64836db=1524817783; Hm_lvt_9f63a8ad6c2c89dec46660ea28405307=1524817783; Hm_lvt_4030c9bb0d0e4dc535764f49e2887ad1=1524817783; Hm_lvt_cfe824ad30beb506ef0afb3c32d38f0b=1524817778; NBFT98375992lastvisitetime=1524819498395; NBFT98375992visitepages=6; Hm_lvt_cdc3cf0dacb303db6acece40aeaf3b80=1524817779; Hm_lvt_d91942d66d79a0c22d0d88e58f23e365=1524817779; wp-settings-1=editor%3Dhtml%26libraryContent%3Dbrowse; wp-settings-time-1=1525915698; LiveWSPLT96219096=1527037467581298438091; NPLT96219096fistvisitetime=1527037467616; LiveWSDFT65363363=1527048115711705098593; NDFT65363363fistvisitetime=1527048115739; LiveWSPHT70538333=1527473524425509589904; NPHT70538333fistvisitetime=1527473524453; Hm_lvt_e6d1f421bbc9962127a50488f9ed37d1=1527559029; NPHT70538333lastvisitetime=1528269661980; NPHT70538333visitecounts=2; NPHT70538333visitepages=3; Hm_lvt_1f7ce4cef5f44c79743f5bc3455b1165=1529896221; NPLT96219096visitecounts=2; NPLT96219096IP=%7C1.192.177.227%7C1.192.176.186%7C; Hm_lvt_d886b88997d2c8743a708d9bc9b772c1=1534818341; Hm_lvt_4108ff30c876489c780fadf5f8afc383=1534818340; NPLT96219096lastvisitetime=1534819432864; NPLT96219096visitepages=19; NDFT65363363visitecounts=3; NDFT65363363IP=%7C1.192.177.227%7C1.192.178.247%7C1.192.179.10%7C; Hm_lvt_e5e32a615e480425860efa8eb5eb4c79=1538528937; NDFT65363363lastvisitetime=1538541569943; NDFT65363363visitepages=326; pgv_si=s1597663232',
  'accept-language' => 'zh-CN,zh;q=0.8',
  'accept-encoding' => 'gzip, deflate, sdch, br',
  'accept' => 'text/html,application/xhtml+xml,application/xml;q=0.9,image/webp,*/*;q=0.8',
  'user-agent' => 'Mozilla/5.0 (Windows NT 6.1; WOW64) AppleWebKit/537.36 (KHTML, like Gecko) Chrome/55.0.2883.87 Safari/537.36',
  'upgrade-insecure-requests' => '1',
  'connection' => 'close',
  'host' => 'localhost',
)
[ info ] [ PARAM ] array (
)
[ info ] [ RUN ] app\index\controller\Index->index[ C:\Users\Administrator\Desktop\web\WWW\tnews\application\index\controller\Index.php ]
[ info ] [ LOG ] INIT File
---------------------------------------------------------------
[ 2018-11-28T09:08:39+08:00 ] 0.0.0.0 GET localhost/tnews/public/index.php/admin
[运行时间：0.057004s] [吞吐率：17.54req/s] [内存消耗：1,419.63kb] [文件加载：35]
[ info ] [ LANG ] C:\Users\Administrator\Desktop\web\WWW\tnews\thinkphp\lang\zh-cn.php
[ info ] [ ROUTE ] array (
  'type' => 'module',
  'module' => 
  array (
    0 => 'admin',
    1 => NULL,
    2 => NULL,
  ),
)
[ info ] [ HEADER ] array (
  'cookie' => 'pgv_pvi=9029182464; LiveWSPQT27017055=1522803124030482519424; NPQT27017055fistvisitetime=1522803124056; NPQT27017055visitecounts=1; NPQT27017055lastvisitetime=1522812519810; NPQT27017055visitepages=14; Hm_lvt_b298bc84865eb709cd200e818116177f=1522803124,1522812212; LiveWSPQT85229253=1523321113809568953836; NPQT85229253fistvisitetime=1523321113838; NPQT85229253visitecounts=1; NPQT85229253lastvisitetime=1523322318849; NPQT85229253visitepages=18; LiveWSPDT77362966=1523416572994658594441; NPDT77362966fistvisitetime=1523416573019; NPDT77362966IP=%7C1.192.176.189%7C; NPDT77362966visitecounts=2; NPDT77362966lastvisitetime=1523501837584; NPDT77362966visitepages=138; Hm_lvt_dde7a6a85a310bab3134e12515c566eb=1523417692,1523435612,1523443002,1523493759; LiveWSNET15426586=1523848534249544989762; NNET15426586fistvisitetime=1523848534283; NNET15426586visitecounts=1; NNET15426586lastvisitetime=1523849210814; NNET15426586visitepages=12; LiveWSBFT98375992=1524817778917362329282; NBFT98375992fistvisitetime=1524817778954; NBFT98375992visitecounts=1; Hm_lvt_3d588d0cc952c09cfefaaa0cb64836db=1524817783; Hm_lvt_9f63a8ad6c2c89dec46660ea28405307=1524817783; Hm_lvt_4030c9bb0d0e4dc535764f49e2887ad1=1524817783; Hm_lvt_cfe824ad30beb506ef0afb3c32d38f0b=1524817778; NBFT98375992lastvisitetime=1524819498395; NBFT98375992visitepages=6; Hm_lvt_cdc3cf0dacb303db6acece40aeaf3b80=1524817779; Hm_lvt_d91942d66d79a0c22d0d88e58f23e365=1524817779; wp-settings-1=editor%3Dhtml%26libraryContent%3Dbrowse; wp-settings-time-1=1525915698; LiveWSPLT96219096=1527037467581298438091; NPLT96219096fistvisitetime=1527037467616; LiveWSDFT65363363=1527048115711705098593; NDFT65363363fistvisitetime=1527048115739; LiveWSPHT70538333=1527473524425509589904; NPHT70538333fistvisitetime=1527473524453; Hm_lvt_e6d1f421bbc9962127a50488f9ed37d1=1527559029; NPHT70538333lastvisitetime=1528269661980; NPHT70538333visitecounts=2; NPHT70538333visitepages=3; Hm_lvt_1f7ce4cef5f44c79743f5bc3455b1165=1529896221; NPLT96219096visitecounts=2; NPLT96219096IP=%7C1.192.177.227%7C1.192.176.186%7C; Hm_lvt_d886b88997d2c8743a708d9bc9b772c1=1534818341; Hm_lvt_4108ff30c876489c780fadf5f8afc383=1534818340; NPLT96219096lastvisitetime=1534819432864; NPLT96219096visitepages=19; NDFT65363363visitecounts=3; NDFT65363363IP=%7C1.192.177.227%7C1.192.178.247%7C1.192.179.10%7C; Hm_lvt_e5e32a615e480425860efa8eb5eb4c79=1538528937; NDFT65363363lastvisitetime=1538541569943; NDFT65363363visitepages=326; pgv_si=s1597663232',
  'accept-language' => 'zh-CN,zh;q=0.8',
  'accept-encoding' => 'gzip, deflate, sdch, br',
  'accept' => 'text/html,application/xhtml+xml,application/xml;q=0.9,image/webp,*/*;q=0.8',
  'user-agent' => 'Mozilla/5.0 (Windows NT 6.1; WOW64) AppleWebKit/537.36 (KHTML, like Gecko) Chrome/55.0.2883.87 Safari/537.36',
  'upgrade-insecure-requests' => '1',
  'connection' => 'close',
  'host' => 'localhost',
)
[ info ] [ PARAM ] array (
)
[ info ] [ RUN ] app\admin\controller\Index->index[ C:\Users\Administrator\Desktop\web\WWW\tnews\application\admin\controller\Index.php ]
[ info ] [ VIEW ] C:\Users\Administrator\Desktop\web\WWW\tnews\public/../application/admin\view\index\index.html [ array (
) ]
[ info ] [ LOG ] INIT File
---------------------------------------------------------------
[ 2018-11-28T09:08:42+08:00 ] 0.0.0.0 GET localhost/tnews/public/index.php/admin/config/configlst.html
[运行时间：0.058003s] [吞吐率：17.24req/s] [内存消耗：1,425.73kb] [文件加载：35]
[ info ] [ LANG ] C:\Users\Administrator\Desktop\web\WWW\tnews\thinkphp\lang\zh-cn.php
[ info ] [ ROUTE ] array (
  'type' => 'module',
  'module' => 
  array (
    0 => 'admin',
    1 => 'config',
    2 => 'configlst',
  ),
)
[ info ] [ HEADER ] array (
  'cookie' => 'pgv_pvi=9029182464; LiveWSPQT27017055=1522803124030482519424; NPQT27017055fistvisitetime=1522803124056; NPQT27017055visitecounts=1; NPQT27017055lastvisitetime=1522812519810; NPQT27017055visitepages=14; Hm_lvt_b298bc84865eb709cd200e818116177f=1522803124,1522812212; LiveWSPQT85229253=1523321113809568953836; NPQT85229253fistvisitetime=1523321113838; NPQT85229253visitecounts=1; NPQT85229253lastvisitetime=1523322318849; NPQT85229253visitepages=18; LiveWSPDT77362966=1523416572994658594441; NPDT77362966fistvisitetime=1523416573019; NPDT77362966IP=%7C1.192.176.189%7C; NPDT77362966visitecounts=2; NPDT77362966lastvisitetime=1523501837584; NPDT77362966visitepages=138; Hm_lvt_dde7a6a85a310bab3134e12515c566eb=1523417692,1523435612,1523443002,1523493759; LiveWSNET15426586=1523848534249544989762; NNET15426586fistvisitetime=1523848534283; NNET15426586visitecounts=1; NNET15426586lastvisitetime=1523849210814; NNET15426586visitepages=12; LiveWSBFT98375992=1524817778917362329282; NBFT98375992fistvisitetime=1524817778954; NBFT98375992visitecounts=1; Hm_lvt_3d588d0cc952c09cfefaaa0cb64836db=1524817783; Hm_lvt_9f63a8ad6c2c89dec46660ea28405307=1524817783; Hm_lvt_4030c9bb0d0e4dc535764f49e2887ad1=1524817783; Hm_lvt_cfe824ad30beb506ef0afb3c32d38f0b=1524817778; NBFT98375992lastvisitetime=1524819498395; NBFT98375992visitepages=6; Hm_lvt_cdc3cf0dacb303db6acece40aeaf3b80=1524817779; Hm_lvt_d91942d66d79a0c22d0d88e58f23e365=1524817779; wp-settings-1=editor%3Dhtml%26libraryContent%3Dbrowse; wp-settings-time-1=1525915698; LiveWSPLT96219096=1527037467581298438091; NPLT96219096fistvisitetime=1527037467616; LiveWSDFT65363363=1527048115711705098593; NDFT65363363fistvisitetime=1527048115739; LiveWSPHT70538333=1527473524425509589904; NPHT70538333fistvisitetime=1527473524453; Hm_lvt_e6d1f421bbc9962127a50488f9ed37d1=1527559029; NPHT70538333lastvisitetime=1528269661980; NPHT70538333visitecounts=2; NPHT70538333visitepages=3; Hm_lvt_1f7ce4cef5f44c79743f5bc3455b1165=1529896221; NPLT96219096visitecounts=2; NPLT96219096IP=%7C1.192.177.227%7C1.192.176.186%7C; Hm_lvt_d886b88997d2c8743a708d9bc9b772c1=1534818341; Hm_lvt_4108ff30c876489c780fadf5f8afc383=1534818340; NPLT96219096lastvisitetime=1534819432864; NPLT96219096visitepages=19; NDFT65363363visitecounts=3; NDFT65363363IP=%7C1.192.177.227%7C1.192.178.247%7C1.192.179.10%7C; Hm_lvt_e5e32a615e480425860efa8eb5eb4c79=1538528937; NDFT65363363lastvisitetime=1538541569943; NDFT65363363visitepages=326; pgv_si=s1597663232',
  'accept-language' => 'zh-CN,zh;q=0.8',
  'accept-encoding' => 'gzip, deflate, sdch, br',
  'referer' => 'http://localhost/tnews/public/index.php/admin',
  'accept' => 'text/html,application/xhtml+xml,application/xml;q=0.9,image/webp,*/*;q=0.8',
  'user-agent' => 'Mozilla/5.0 (Windows NT 6.1; WOW64) AppleWebKit/537.36 (KHTML, like Gecko) Chrome/55.0.2883.87 Safari/537.36',
  'upgrade-insecure-requests' => '1',
  'connection' => 'close',
  'host' => 'localhost',
)
[ info ] [ PARAM ] array (
)
[ info ] [ RUN ] app\admin\controller\Config->configlst[ C:\Users\Administrator\Desktop\web\WWW\tnews\application\admin\controller\Config.php ]
[ info ] [ VIEW ] C:\Users\Administrator\Desktop\web\WWW\tnews\public/../application/admin\view\config\configlst.html [ array (
) ]
[ info ] [ LOG ] INIT File
---------------------------------------------------------------
[ 2018-11-28T09:09:02+08:00 ] 0.0.0.0 GET localhost/tnews/public/index.php/
[运行时间：0.043003s] [吞吐率：23.25req/s] [内存消耗：988.00kb] [文件加载：25]
[ info ] [ LANG ] C:\Users\Administrator\Desktop\web\WWW\tnews\thinkphp\lang\zh-cn.php
[ info ] [ ROUTE ] array (
  'type' => 'module',
  'module' => 
  array (
    0 => '',
    1 => NULL,
    2 => NULL,
  ),
)
[ info ] [ HEADER ] array (
  'cookie' => 'pgv_pvi=9029182464; LiveWSPQT27017055=1522803124030482519424; NPQT27017055fistvisitetime=1522803124056; NPQT27017055visitecounts=1; NPQT27017055lastvisitetime=1522812519810; NPQT27017055visitepages=14; Hm_lvt_b298bc84865eb709cd200e818116177f=1522803124,1522812212; LiveWSPQT85229253=1523321113809568953836; NPQT85229253fistvisitetime=1523321113838; NPQT85229253visitecounts=1; NPQT85229253lastvisitetime=1523322318849; NPQT85229253visitepages=18; LiveWSPDT77362966=1523416572994658594441; NPDT77362966fistvisitetime=1523416573019; NPDT77362966IP=%7C1.192.176.189%7C; NPDT77362966visitecounts=2; NPDT77362966lastvisitetime=1523501837584; NPDT77362966visitepages=138; Hm_lvt_dde7a6a85a310bab3134e12515c566eb=1523417692,1523435612,1523443002,1523493759; LiveWSNET15426586=1523848534249544989762; NNET15426586fistvisitetime=1523848534283; NNET15426586visitecounts=1; NNET15426586lastvisitetime=1523849210814; NNET15426586visitepages=12; LiveWSBFT98375992=1524817778917362329282; NBFT98375992fistvisitetime=1524817778954; NBFT98375992visitecounts=1; Hm_lvt_3d588d0cc952c09cfefaaa0cb64836db=1524817783; Hm_lvt_9f63a8ad6c2c89dec46660ea28405307=1524817783; Hm_lvt_4030c9bb0d0e4dc535764f49e2887ad1=1524817783; Hm_lvt_cfe824ad30beb506ef0afb3c32d38f0b=1524817778; NBFT98375992lastvisitetime=1524819498395; NBFT98375992visitepages=6; Hm_lvt_cdc3cf0dacb303db6acece40aeaf3b80=1524817779; Hm_lvt_d91942d66d79a0c22d0d88e58f23e365=1524817779; wp-settings-1=editor%3Dhtml%26libraryContent%3Dbrowse; wp-settings-time-1=1525915698; LiveWSPLT96219096=1527037467581298438091; NPLT96219096fistvisitetime=1527037467616; LiveWSDFT65363363=1527048115711705098593; NDFT65363363fistvisitetime=1527048115739; LiveWSPHT70538333=1527473524425509589904; NPHT70538333fistvisitetime=1527473524453; Hm_lvt_e6d1f421bbc9962127a50488f9ed37d1=1527559029; NPHT70538333lastvisitetime=1528269661980; NPHT70538333visitecounts=2; NPHT70538333visitepages=3; Hm_lvt_1f7ce4cef5f44c79743f5bc3455b1165=1529896221; NPLT96219096visitecounts=2; NPLT96219096IP=%7C1.192.177.227%7C1.192.176.186%7C; Hm_lvt_d886b88997d2c8743a708d9bc9b772c1=1534818341; Hm_lvt_4108ff30c876489c780fadf5f8afc383=1534818340; NPLT96219096lastvisitetime=1534819432864; NPLT96219096visitepages=19; NDFT65363363visitecounts=3; NDFT65363363IP=%7C1.192.177.227%7C1.192.178.247%7C1.192.179.10%7C; Hm_lvt_e5e32a615e480425860efa8eb5eb4c79=1538528937; NDFT65363363lastvisitetime=1538541569943; NDFT65363363visitepages=326; pgv_si=s1597663232',
  'accept-language' => 'zh-CN,zh;q=0.8',
  'accept-encoding' => 'gzip, deflate, sdch, br',
  'accept' => 'text/html,application/xhtml+xml,application/xml;q=0.9,image/webp,*/*;q=0.8',
  'user-agent' => 'Mozilla/5.0 (Windows NT 6.1; WOW64) AppleWebKit/537.36 (KHTML, like Gecko) Chrome/55.0.2883.87 Safari/537.36',
  'upgrade-insecure-requests' => '1',
  'connection' => 'close',
  'host' => 'localhost',
)
[ info ] [ PARAM ] array (
)
[ info ] [ RUN ] app\index\controller\Index->index[ C:\Users\Administrator\Desktop\web\WWW\tnews\application\index\controller\Index.php ]
[ info ] [ LOG ] INIT File
---------------------------------------------------------------
[ 2018-11-28T09:09:08+08:00 ] 0.0.0.0 GET localhost/tnews/public/index.php/admin
[运行时间：0.047003s] [吞吐率：21.28req/s] [内存消耗：1,277.45kb] [文件加载：33]
[ info ] [ LANG ] C:\Users\Administrator\Desktop\web\WWW\tnews\thinkphp\lang\zh-cn.php
[ info ] [ ROUTE ] array (
  'type' => 'module',
  'module' => 
  array (
    0 => 'admin',
    1 => NULL,
    2 => NULL,
  ),
)
[ info ] [ HEADER ] array (
  'cookie' => 'pgv_pvi=9029182464; LiveWSPQT27017055=1522803124030482519424; NPQT27017055fistvisitetime=1522803124056; NPQT27017055visitecounts=1; NPQT27017055lastvisitetime=1522812519810; NPQT27017055visitepages=14; Hm_lvt_b298bc84865eb709cd200e818116177f=1522803124,1522812212; LiveWSPQT85229253=1523321113809568953836; NPQT85229253fistvisitetime=1523321113838; NPQT85229253visitecounts=1; NPQT85229253lastvisitetime=1523322318849; NPQT85229253visitepages=18; LiveWSPDT77362966=1523416572994658594441; NPDT77362966fistvisitetime=1523416573019; NPDT77362966IP=%7C1.192.176.189%7C; NPDT77362966visitecounts=2; NPDT77362966lastvisitetime=1523501837584; NPDT77362966visitepages=138; Hm_lvt_dde7a6a85a310bab3134e12515c566eb=1523417692,1523435612,1523443002,1523493759; LiveWSNET15426586=1523848534249544989762; NNET15426586fistvisitetime=1523848534283; NNET15426586visitecounts=1; NNET15426586lastvisitetime=1523849210814; NNET15426586visitepages=12; LiveWSBFT98375992=1524817778917362329282; NBFT98375992fistvisitetime=1524817778954; NBFT98375992visitecounts=1; Hm_lvt_3d588d0cc952c09cfefaaa0cb64836db=1524817783; Hm_lvt_9f63a8ad6c2c89dec46660ea28405307=1524817783; Hm_lvt_4030c9bb0d0e4dc535764f49e2887ad1=1524817783; Hm_lvt_cfe824ad30beb506ef0afb3c32d38f0b=1524817778; NBFT98375992lastvisitetime=1524819498395; NBFT98375992visitepages=6; Hm_lvt_cdc3cf0dacb303db6acece40aeaf3b80=1524817779; Hm_lvt_d91942d66d79a0c22d0d88e58f23e365=1524817779; wp-settings-1=editor%3Dhtml%26libraryContent%3Dbrowse; wp-settings-time-1=1525915698; LiveWSPLT96219096=1527037467581298438091; NPLT96219096fistvisitetime=1527037467616; LiveWSDFT65363363=1527048115711705098593; NDFT65363363fistvisitetime=1527048115739; LiveWSPHT70538333=1527473524425509589904; NPHT70538333fistvisitetime=1527473524453; Hm_lvt_e6d1f421bbc9962127a50488f9ed37d1=1527559029; NPHT70538333lastvisitetime=1528269661980; NPHT70538333visitecounts=2; NPHT70538333visitepages=3; Hm_lvt_1f7ce4cef5f44c79743f5bc3455b1165=1529896221; NPLT96219096visitecounts=2; NPLT96219096IP=%7C1.192.177.227%7C1.192.176.186%7C; Hm_lvt_d886b88997d2c8743a708d9bc9b772c1=1534818341; Hm_lvt_4108ff30c876489c780fadf5f8afc383=1534818340; NPLT96219096lastvisitetime=1534819432864; NPLT96219096visitepages=19; NDFT65363363visitecounts=3; NDFT65363363IP=%7C1.192.177.227%7C1.192.178.247%7C1.192.179.10%7C; Hm_lvt_e5e32a615e480425860efa8eb5eb4c79=1538528937; NDFT65363363lastvisitetime=1538541569943; NDFT65363363visitepages=326; pgv_si=s1597663232',
  'accept-language' => 'zh-CN,zh;q=0.8',
  'accept-encoding' => 'gzip, deflate, sdch, br',
  'accept' => 'text/html,application/xhtml+xml,application/xml;q=0.9,image/webp,*/*;q=0.8',
  'user-agent' => 'Mozilla/5.0 (Windows NT 6.1; WOW64) AppleWebKit/537.36 (KHTML, like Gecko) Chrome/55.0.2883.87 Safari/537.36',
  'upgrade-insecure-requests' => '1',
  'connection' => 'close',
  'host' => 'localhost',
)
[ info ] [ PARAM ] array (
)
[ info ] [ RUN ] app\admin\controller\Index->index[ C:\Users\Administrator\Desktop\web\WWW\tnews\application\admin\controller\Index.php ]
[ info ] [ VIEW ] C:\Users\Administrator\Desktop\web\WWW\tnews\public/../application/admin\view\index\index.html [ array (
) ]
[ info ] [ LOG ] INIT File
---------------------------------------------------------------
[ 2018-11-28T09:09:11+08:00 ] 0.0.0.0 GET localhost/tnews/public/index.php/admin/config/configlst.html
[运行时间：0.047003s] [吞吐率：21.28req/s] [内存消耗：1,279.81kb] [文件加载：33]
[ info ] [ LANG ] C:\Users\Administrator\Desktop\web\WWW\tnews\thinkphp\lang\zh-cn.php
[ info ] [ ROUTE ] array (
  'type' => 'module',
  'module' => 
  array (
    0 => 'admin',
    1 => 'config',
    2 => 'configlst',
  ),
)
[ info ] [ HEADER ] array (
  'cookie' => 'pgv_pvi=9029182464; LiveWSPQT27017055=1522803124030482519424; NPQT27017055fistvisitetime=1522803124056; NPQT27017055visitecounts=1; NPQT27017055lastvisitetime=1522812519810; NPQT27017055visitepages=14; Hm_lvt_b298bc84865eb709cd200e818116177f=1522803124,1522812212; LiveWSPQT85229253=1523321113809568953836; NPQT85229253fistvisitetime=1523321113838; NPQT85229253visitecounts=1; NPQT85229253lastvisitetime=1523322318849; NPQT85229253visitepages=18; LiveWSPDT77362966=1523416572994658594441; NPDT77362966fistvisitetime=1523416573019; NPDT77362966IP=%7C1.192.176.189%7C; NPDT77362966visitecounts=2; NPDT77362966lastvisitetime=1523501837584; NPDT77362966visitepages=138; Hm_lvt_dde7a6a85a310bab3134e12515c566eb=1523417692,1523435612,1523443002,1523493759; LiveWSNET15426586=1523848534249544989762; NNET15426586fistvisitetime=1523848534283; NNET15426586visitecounts=1; NNET15426586lastvisitetime=1523849210814; NNET15426586visitepages=12; LiveWSBFT98375992=1524817778917362329282; NBFT98375992fistvisitetime=1524817778954; NBFT98375992visitecounts=1; Hm_lvt_3d588d0cc952c09cfefaaa0cb64836db=1524817783; Hm_lvt_9f63a8ad6c2c89dec46660ea28405307=1524817783; Hm_lvt_4030c9bb0d0e4dc535764f49e2887ad1=1524817783; Hm_lvt_cfe824ad30beb506ef0afb3c32d38f0b=1524817778; NBFT98375992lastvisitetime=1524819498395; NBFT98375992visitepages=6; Hm_lvt_cdc3cf0dacb303db6acece40aeaf3b80=1524817779; Hm_lvt_d91942d66d79a0c22d0d88e58f23e365=1524817779; wp-settings-1=editor%3Dhtml%26libraryContent%3Dbrowse; wp-settings-time-1=1525915698; LiveWSPLT96219096=1527037467581298438091; NPLT96219096fistvisitetime=1527037467616; LiveWSDFT65363363=1527048115711705098593; NDFT65363363fistvisitetime=1527048115739; LiveWSPHT70538333=1527473524425509589904; NPHT70538333fistvisitetime=1527473524453; Hm_lvt_e6d1f421bbc9962127a50488f9ed37d1=1527559029; NPHT70538333lastvisitetime=1528269661980; NPHT70538333visitecounts=2; NPHT70538333visitepages=3; Hm_lvt_1f7ce4cef5f44c79743f5bc3455b1165=1529896221; NPLT96219096visitecounts=2; NPLT96219096IP=%7C1.192.177.227%7C1.192.176.186%7C; Hm_lvt_d886b88997d2c8743a708d9bc9b772c1=1534818341; Hm_lvt_4108ff30c876489c780fadf5f8afc383=1534818340; NPLT96219096lastvisitetime=1534819432864; NPLT96219096visitepages=19; NDFT65363363visitecounts=3; NDFT65363363IP=%7C1.192.177.227%7C1.192.178.247%7C1.192.179.10%7C; Hm_lvt_e5e32a615e480425860efa8eb5eb4c79=1538528937; NDFT65363363lastvisitetime=1538541569943; NDFT65363363visitepages=326; pgv_si=s1597663232',
  'accept-language' => 'zh-CN,zh;q=0.8',
  'accept-encoding' => 'gzip, deflate, sdch, br',
  'referer' => 'http://localhost/tnews/public/index.php/admin',
  'accept' => 'text/html,application/xhtml+xml,application/xml;q=0.9,image/webp,*/*;q=0.8',
  'user-agent' => 'Mozilla/5.0 (Windows NT 6.1; WOW64) AppleWebKit/537.36 (KHTML, like Gecko) Chrome/55.0.2883.87 Safari/537.36',
  'upgrade-insecure-requests' => '1',
  'connection' => 'close',
  'host' => 'localhost',
)
[ info ] [ PARAM ] array (
)
[ info ] [ RUN ] app\admin\controller\Config->configlst[ C:\Users\Administrator\Desktop\web\WWW\tnews\application\admin\controller\Config.php ]
[ info ] [ VIEW ] C:\Users\Administrator\Desktop\web\WWW\tnews\public/../application/admin\view\config\configlst.html [ array (
) ]
[ info ] [ LOG ] INIT File
---------------------------------------------------------------
[ 2018-11-28T09:19:34+08:00 ] 127.0.0.1 GET 127.0.0.1/tnews/public/index.php/admin
[运行时间：0.071004s] [吞吐率：14.08req/s] [内存消耗：1,269.17kb] [文件加载：33]
[ info ] [ LANG ] C:\Users\Administrator\Desktop\web\WWW\tnews\thinkphp\lang\zh-cn.php
[ info ] [ ROUTE ] array (
  'type' => 'module',
  'module' => 
  array (
    0 => 'admin',
    1 => NULL,
    2 => NULL,
  ),
)
[ info ] [ HEADER ] array (
  'cookie' => 'LiveWSPDT77362966=1522114876751468045960; NPDT77362966fistvisitetime=1522114876787; NPDT77362966IP=%7C1.192.176.123%7C; NPDT77362966visitecounts=2; Hm_lvt_db5282b7674d846f2ea000fa76dbee25=1522114877,1522219160; NPDT77362966lastvisitetime=1522219305282; NPDT77362966visitepages=3; Hm_lvt_622450c89bc248bfa3f11ad4c9b3ee61=1537181104,1537181121',
  'accept-language' => 'zh-CN,zh;q=0.8',
  'accept-encoding' => 'gzip, deflate, sdch, br',
  'accept' => 'text/html,application/xhtml+xml,application/xml;q=0.9,image/webp,*/*;q=0.8',
  'user-agent' => 'Mozilla/5.0 (Windows NT 6.1; WOW64) AppleWebKit/537.36 (KHTML, like Gecko) Chrome/55.0.2883.87 Safari/537.36',
  'upgrade-insecure-requests' => '1',
  'connection' => 'close',
  'host' => '127.0.0.1',
)
[ info ] [ PARAM ] array (
)
[ info ] [ RUN ] app\admin\controller\Index->index[ C:\Users\Administrator\Desktop\web\WWW\tnews\application\admin\controller\Index.php ]
[ info ] [ VIEW ] C:\Users\Administrator\Desktop\web\WWW\tnews\public/../application/admin\view\index\index.html [ array (
) ]
[ info ] [ LOG ] INIT File
---------------------------------------------------------------
[ 2018-11-28T09:19:37+08:00 ] 127.0.0.1 GET 127.0.0.1/tnews/public/index.php/admin/config/configlst.html
[运行时间：0.063003s] [吞吐率：15.87req/s] [内存消耗：1,271.55kb] [文件加载：33]
[ info ] [ LANG ] C:\Users\Administrator\Desktop\web\WWW\tnews\thinkphp\lang\zh-cn.php
[ info ] [ ROUTE ] array (
  'type' => 'module',
  'module' => 
  array (
    0 => 'admin',
    1 => 'config',
    2 => 'configlst',
  ),
)
[ info ] [ HEADER ] array (
  'cookie' => 'LiveWSPDT77362966=1522114876751468045960; NPDT77362966fistvisitetime=1522114876787; NPDT77362966IP=%7C1.192.176.123%7C; NPDT77362966visitecounts=2; Hm_lvt_db5282b7674d846f2ea000fa76dbee25=1522114877,1522219160; NPDT77362966lastvisitetime=1522219305282; NPDT77362966visitepages=3; Hm_lvt_622450c89bc248bfa3f11ad4c9b3ee61=1537181104,1537181121',
  'accept-language' => 'zh-CN,zh;q=0.8',
  'accept-encoding' => 'gzip, deflate, sdch, br',
  'referer' => 'http://127.0.0.1/tnews/public/index.php/admin',
  'accept' => 'text/html,application/xhtml+xml,application/xml;q=0.9,image/webp,*/*;q=0.8',
  'user-agent' => 'Mozilla/5.0 (Windows NT 6.1; WOW64) AppleWebKit/537.36 (KHTML, like Gecko) Chrome/55.0.2883.87 Safari/537.36',
  'upgrade-insecure-requests' => '1',
  'connection' => 'close',
  'host' => '127.0.0.1',
)
[ info ] [ PARAM ] array (
)
[ info ] [ RUN ] app\admin\controller\Config->configlst[ C:\Users\Administrator\Desktop\web\WWW\tnews\application\admin\controller\Config.php ]
[ info ] [ VIEW ] C:\Users\Administrator\Desktop\web\WWW\tnews\public/../application/admin\view\config\configlst.html [ array (
) ]
[ info ] [ LOG ] INIT File
---------------------------------------------------------------
[ 2018-11-28T09:52:15+08:00 ] 127.0.0.1 GET 127.0.0.1/tnews/public/index.php/admin
[运行时间：0.053003s] [吞吐率：18.87req/s] [内存消耗：1,269.19kb] [文件加载：33]
[ info ] [ LANG ] C:\Users\Administrator\Desktop\web\WWW\tnews\thinkphp\lang\zh-cn.php
[ info ] [ ROUTE ] array (
  'type' => 'module',
  'module' => 
  array (
    0 => 'admin',
    1 => NULL,
    2 => NULL,
  ),
)
[ info ] [ HEADER ] array (
  'cookie' => 'LiveWSPDT77362966=1522114876751468045960; NPDT77362966fistvisitetime=1522114876787; NPDT77362966IP=%7C1.192.176.123%7C; NPDT77362966visitecounts=2; Hm_lvt_db5282b7674d846f2ea000fa76dbee25=1522114877,1522219160; NPDT77362966lastvisitetime=1522219305282; NPDT77362966visitepages=3; Hm_lvt_622450c89bc248bfa3f11ad4c9b3ee61=1537181104,1537181121',
  'accept-language' => 'zh-CN,zh;q=0.8',
  'accept-encoding' => 'gzip, deflate, sdch, br',
  'accept' => 'text/html,application/xhtml+xml,application/xml;q=0.9,image/webp,*/*;q=0.8',
  'user-agent' => 'Mozilla/5.0 (Windows NT 6.1; WOW64) AppleWebKit/537.36 (KHTML, like Gecko) Chrome/55.0.2883.87 Safari/537.36',
  'upgrade-insecure-requests' => '1',
  'connection' => 'close',
  'host' => '127.0.0.1',
)
[ info ] [ PARAM ] array (
)
[ info ] [ RUN ] app\admin\controller\Index->index[ C:\Users\Administrator\Desktop\web\WWW\tnews\application\admin\controller\Index.php ]
[ info ] [ VIEW ] C:\Users\Administrator\Desktop\web\WWW\tnews\public/../application/admin\view\index\index.html [ array (
) ]
[ info ] [ LOG ] INIT File
---------------------------------------------------------------
[ 2018-11-28T09:53:09+08:00 ] 127.0.0.1 GET 127.0.0.1/tnews/public/index.php/admin
[运行时间：0.052003s] [吞吐率：19.23req/s] [内存消耗：1,411.43kb] [文件加载：35]
[ info ] [ LANG ] C:\Users\Administrator\Desktop\web\WWW\tnews\thinkphp\lang\zh-cn.php
[ info ] [ ROUTE ] array (
  'type' => 'module',
  'module' => 
  array (
    0 => 'admin',
    1 => NULL,
    2 => NULL,
  ),
)
[ info ] [ HEADER ] array (
  'cookie' => 'LiveWSPDT77362966=1522114876751468045960; NPDT77362966fistvisitetime=1522114876787; NPDT77362966IP=%7C1.192.176.123%7C; NPDT77362966visitecounts=2; Hm_lvt_db5282b7674d846f2ea000fa76dbee25=1522114877,1522219160; NPDT77362966lastvisitetime=1522219305282; NPDT77362966visitepages=3; Hm_lvt_622450c89bc248bfa3f11ad4c9b3ee61=1537181104,1537181121',
  'accept-language' => 'zh-CN,zh;q=0.8',
  'accept-encoding' => 'gzip, deflate, sdch, br',
  'accept' => 'text/html,application/xhtml+xml,application/xml;q=0.9,image/webp,*/*;q=0.8',
  'user-agent' => 'Mozilla/5.0 (Windows NT 6.1; WOW64) AppleWebKit/537.36 (KHTML, like Gecko) Chrome/55.0.2883.87 Safari/537.36',
  'upgrade-insecure-requests' => '1',
  'cache-control' => 'max-age=0',
  'connection' => 'close',
  'host' => '127.0.0.1',
)
[ info ] [ PARAM ] array (
)
[ info ] [ RUN ] app\admin\controller\Index->index[ C:\Users\Administrator\Desktop\web\WWW\tnews\application\admin\controller\Index.php ]
[ info ] [ VIEW ] C:\Users\Administrator\Desktop\web\WWW\tnews\public/../application/admin\view\index\index.html [ array (
) ]
[ info ] [ LOG ] INIT File
---------------------------------------------------------------
[ 2018-11-28T09:53:18+08:00 ] 127.0.0.1 GET 127.0.0.1/tnews/public/index.php/admin/config/configlst.html
[运行时间：0.048002s] [吞吐率：20.83req/s] [内存消耗：1,417.21kb] [文件加载：35]
[ info ] [ LANG ] C:\Users\Administrator\Desktop\web\WWW\tnews\thinkphp\lang\zh-cn.php
[ info ] [ ROUTE ] array (
  'type' => 'module',
  'module' => 
  array (
    0 => 'admin',
    1 => 'config',
    2 => 'configlst',
  ),
)
[ info ] [ HEADER ] array (
  'cookie' => 'LiveWSPDT77362966=1522114876751468045960; NPDT77362966fistvisitetime=1522114876787; NPDT77362966IP=%7C1.192.176.123%7C; NPDT77362966visitecounts=2; Hm_lvt_db5282b7674d846f2ea000fa76dbee25=1522114877,1522219160; NPDT77362966lastvisitetime=1522219305282; NPDT77362966visitepages=3; Hm_lvt_622450c89bc248bfa3f11ad4c9b3ee61=1537181104,1537181121',
  'accept-language' => 'zh-CN,zh;q=0.8',
  'accept-encoding' => 'gzip, deflate, sdch, br',
  'referer' => 'http://127.0.0.1/tnews/public/index.php/admin',
  'accept' => 'text/html,application/xhtml+xml,application/xml;q=0.9,image/webp,*/*;q=0.8',
  'user-agent' => 'Mozilla/5.0 (Windows NT 6.1; WOW64) AppleWebKit/537.36 (KHTML, like Gecko) Chrome/55.0.2883.87 Safari/537.36',
  'upgrade-insecure-requests' => '1',
  'connection' => 'close',
  'host' => '127.0.0.1',
)
[ info ] [ PARAM ] array (
)
[ info ] [ RUN ] app\admin\controller\Config->configlst[ C:\Users\Administrator\Desktop\web\WWW\tnews\application\admin\controller\Config.php ]
[ info ] [ VIEW ] C:\Users\Administrator\Desktop\web\WWW\tnews\public/../application/admin\view\config\configlst.html [ array (
) ]
[ info ] [ LOG ] INIT File
---------------------------------------------------------------
[ 2018-11-28T09:54:40+08:00 ] 127.0.0.1 GET 127.0.0.1/tnews/public/index.php/admin/config/configlst.html
[运行时间：0.054003s] [吞吐率：18.52req/s] [内存消耗：1,417.69kb] [文件加载：35]
[ info ] [ LANG ] C:\Users\Administrator\Desktop\web\WWW\tnews\thinkphp\lang\zh-cn.php
[ info ] [ ROUTE ] array (
  'type' => 'module',
  'module' => 
  array (
    0 => 'admin',
    1 => 'config',
    2 => 'configlst',
  ),
)
[ info ] [ HEADER ] array (
  'cookie' => 'LiveWSPDT77362966=1522114876751468045960; NPDT77362966fistvisitetime=1522114876787; NPDT77362966IP=%7C1.192.176.123%7C; NPDT77362966visitecounts=2; Hm_lvt_db5282b7674d846f2ea000fa76dbee25=1522114877,1522219160; NPDT77362966lastvisitetime=1522219305282; NPDT77362966visitepages=3; Hm_lvt_622450c89bc248bfa3f11ad4c9b3ee61=1537181104,1537181121',
  'accept-language' => 'zh-CN,zh;q=0.8',
  'accept-encoding' => 'gzip, deflate, sdch, br',
  'referer' => 'http://127.0.0.1/tnews/public/index.php/admin',
  'accept' => 'text/html,application/xhtml+xml,application/xml;q=0.9,image/webp,*/*;q=0.8',
  'user-agent' => 'Mozilla/5.0 (Linux; Android 6.0; Nexus 5 Build/MRA58N) AppleWebKit/537.36 (KHTML, like Gecko) Chrome/55.0.2883.87 Mobile Safari/537.36',
  'upgrade-insecure-requests' => '1',
  'cache-control' => 'no-cache',
  'pragma' => 'no-cache',
  'connection' => 'close',
  'host' => '127.0.0.1',
)
[ info ] [ PARAM ] array (
)
[ info ] [ RUN ] app\admin\controller\Config->configlst[ C:\Users\Administrator\Desktop\web\WWW\tnews\application\admin\controller\Config.php ]
[ info ] [ VIEW ] C:\Users\Administrator\Desktop\web\WWW\tnews\public/../application/admin\view\config\configlst.html [ array (
) ]
[ info ] [ LOG ] INIT File
---------------------------------------------------------------
[ 2018-11-28T09:58:57+08:00 ] 127.0.0.1 GET 127.0.0.1/tnews/public/index.php/admin/config/configlst.html
[运行时间：0.059003s] [吞吐率：16.95req/s] [内存消耗：1,417.63kb] [文件加载：35]
[ info ] [ LANG ] C:\Users\Administrator\Desktop\web\WWW\tnews\thinkphp\lang\zh-cn.php
[ info ] [ ROUTE ] array (
  'type' => 'module',
  'module' => 
  array (
    0 => 'admin',
    1 => 'config',
    2 => 'configlst',
  ),
)
[ info ] [ HEADER ] array (
  'cookie' => 'LiveWSPDT77362966=1522114876751468045960; NPDT77362966fistvisitetime=1522114876787; NPDT77362966IP=%7C1.192.176.123%7C; NPDT77362966visitecounts=2; Hm_lvt_db5282b7674d846f2ea000fa76dbee25=1522114877,1522219160; NPDT77362966lastvisitetime=1522219305282; NPDT77362966visitepages=3; Hm_lvt_622450c89bc248bfa3f11ad4c9b3ee61=1537181104,1537181121',
  'accept-language' => 'zh-CN,zh;q=0.8',
  'accept-encoding' => 'gzip, deflate, sdch, br',
  'referer' => 'http://127.0.0.1/tnews/public/index.php/admin',
  'accept' => 'text/html,application/xhtml+xml,application/xml;q=0.9,image/webp,*/*;q=0.8',
  'user-agent' => 'Mozilla/5.0 (Linux; Android 6.0; Nexus 5 Build/MRA58N) AppleWebKit/537.36 (KHTML, like Gecko) Chrome/55.0.2883.87 Mobile Safari/537.36',
  'upgrade-insecure-requests' => '1',
  'cache-control' => 'no-cache',
  'pragma' => 'no-cache',
  'connection' => 'close',
  'host' => '127.0.0.1',
)
[ info ] [ PARAM ] array (
)
[ info ] [ RUN ] app\admin\controller\Config->configlst[ C:\Users\Administrator\Desktop\web\WWW\tnews\application\admin\controller\Config.php ]
[ info ] [ VIEW ] C:\Users\Administrator\Desktop\web\WWW\tnews\public/../application/admin\view\config\configlst.html [ array (
) ]
[ info ] [ LOG ] INIT File
---------------------------------------------------------------
[ 2018-11-28T09:59:28+08:00 ] 127.0.0.1 GET 127.0.0.1/tnews/public/index.php/admin/config/configlst.html
[运行时间：0.053003s] [吞吐率：18.87req/s] [内存消耗：1,420.38kb] [文件加载：35]
[ info ] [ LANG ] C:\Users\Administrator\Desktop\web\WWW\tnews\thinkphp\lang\zh-cn.php
[ info ] [ ROUTE ] array (
  'type' => 'module',
  'module' => 
  array (
    0 => 'admin',
    1 => 'config',
    2 => 'configlst',
  ),
)
[ info ] [ HEADER ] array (
  'cookie' => 'LiveWSPDT77362966=1522114876751468045960; NPDT77362966fistvisitetime=1522114876787; NPDT77362966IP=%7C1.192.176.123%7C; NPDT77362966visitecounts=2; Hm_lvt_db5282b7674d846f2ea000fa76dbee25=1522114877,1522219160; NPDT77362966lastvisitetime=1522219305282; NPDT77362966visitepages=3; Hm_lvt_622450c89bc248bfa3f11ad4c9b3ee61=1537181104,1537181121',
  'accept-language' => 'zh-CN,zh;q=0.8',
  'accept-encoding' => 'gzip, deflate, sdch, br',
  'referer' => 'http://127.0.0.1/tnews/public/index.php/admin',
  'accept' => 'text/html,application/xhtml+xml,application/xml;q=0.9,image/webp,*/*;q=0.8',
  'user-agent' => 'Mozilla/5.0 (Linux; Android 6.0; Nexus 5 Build/MRA58N) AppleWebKit/537.36 (KHTML, like Gecko) Chrome/55.0.2883.87 Mobile Safari/537.36',
  'upgrade-insecure-requests' => '1',
  'cache-control' => 'no-cache',
  'pragma' => 'no-cache',
  'connection' => 'close',
  'host' => '127.0.0.1',
)
[ info ] [ PARAM ] array (
)
[ info ] [ RUN ] app\admin\controller\Config->configlst[ C:\Users\Administrator\Desktop\web\WWW\tnews\application\admin\controller\Config.php ]
[ info ] [ VIEW ] C:\Users\Administrator\Desktop\web\WWW\tnews\public/../application/admin\view\config\configlst.html [ array (
) ]
[ info ] [ LOG ] INIT File
---------------------------------------------------------------
[ 2018-11-28T09:59:33+08:00 ] 127.0.0.1 GET 127.0.0.1/tnews/public/index.php/admin/config/configlst.html
[运行时间：0.042002s] [吞吐率：23.81req/s] [内存消耗：1,271.95kb] [文件加载：33]
[ info ] [ LANG ] C:\Users\Administrator\Desktop\web\WWW\tnews\thinkphp\lang\zh-cn.php
[ info ] [ ROUTE ] array (
  'type' => 'module',
  'module' => 
  array (
    0 => 'admin',
    1 => 'config',
    2 => 'configlst',
  ),
)
[ info ] [ HEADER ] array (
  'cookie' => 'LiveWSPDT77362966=1522114876751468045960; NPDT77362966fistvisitetime=1522114876787; NPDT77362966IP=%7C1.192.176.123%7C; NPDT77362966visitecounts=2; Hm_lvt_db5282b7674d846f2ea000fa76dbee25=1522114877,1522219160; NPDT77362966lastvisitetime=1522219305282; NPDT77362966visitepages=3; Hm_lvt_622450c89bc248bfa3f11ad4c9b3ee61=1537181104,1537181121',
  'accept-language' => 'zh-CN,zh;q=0.8',
  'accept-encoding' => 'gzip, deflate, sdch, br',
  'referer' => 'http://127.0.0.1/tnews/public/index.php/admin',
  'accept' => 'text/html,application/xhtml+xml,application/xml;q=0.9,image/webp,*/*;q=0.8',
  'user-agent' => 'Mozilla/5.0 (Windows NT 6.1; WOW64) AppleWebKit/537.36 (KHTML, like Gecko) Chrome/55.0.2883.87 Safari/537.36',
  'upgrade-insecure-requests' => '1',
  'cache-control' => 'no-cache',
  'pragma' => 'no-cache',
  'connection' => 'close',
  'host' => '127.0.0.1',
)
[ info ] [ PARAM ] array (
)
[ info ] [ RUN ] app\admin\controller\Config->configlst[ C:\Users\Administrator\Desktop\web\WWW\tnews\application\admin\controller\Config.php ]
[ info ] [ VIEW ] C:\Users\Administrator\Desktop\web\WWW\tnews\public/../application/admin\view\config\configlst.html [ array (
) ]
[ info ] [ LOG ] INIT File
---------------------------------------------------------------
[ 2018-11-28T10:01:23+08:00 ] 127.0.0.1 GET 127.0.0.1/tnews/public/index.php/admin/config/configlst.html
[运行时间：0.054004s] [吞吐率：18.52req/s] [内存消耗：1,419.50kb] [文件加载：35]
[ info ] [ LANG ] C:\Users\Administrator\Desktop\web\WWW\tnews\thinkphp\lang\zh-cn.php
[ info ] [ ROUTE ] array (
  'type' => 'module',
  'module' => 
  array (
    0 => 'admin',
    1 => 'config',
    2 => 'configlst',
  ),
)
[ info ] [ HEADER ] array (
  'cookie' => 'LiveWSPDT77362966=1522114876751468045960; NPDT77362966fistvisitetime=1522114876787; NPDT77362966IP=%7C1.192.176.123%7C; NPDT77362966visitecounts=2; Hm_lvt_db5282b7674d846f2ea000fa76dbee25=1522114877,1522219160; NPDT77362966lastvisitetime=1522219305282; NPDT77362966visitepages=3; Hm_lvt_622450c89bc248bfa3f11ad4c9b3ee61=1537181104,1537181121',
  'accept-language' => 'zh-CN,zh;q=0.8',
  'accept-encoding' => 'gzip, deflate, sdch, br',
  'referer' => 'http://127.0.0.1/tnews/public/index.php/admin',
  'accept' => 'text/html,application/xhtml+xml,application/xml;q=0.9,image/webp,*/*;q=0.8',
  'user-agent' => 'Mozilla/5.0 (Windows NT 6.1; WOW64) AppleWebKit/537.36 (KHTML, like Gecko) Chrome/55.0.2883.87 Safari/537.36',
  'upgrade-insecure-requests' => '1',
  'cache-control' => 'no-cache',
  'pragma' => 'no-cache',
  'connection' => 'close',
  'host' => '127.0.0.1',
)
[ info ] [ PARAM ] array (
)
[ info ] [ RUN ] app\admin\controller\Config->configlst[ C:\Users\Administrator\Desktop\web\WWW\tnews\application\admin\controller\Config.php ]
[ info ] [ VIEW ] C:\Users\Administrator\Desktop\web\WWW\tnews\public/../application/admin\view\config\configlst.html [ array (
) ]
[ info ] [ LOG ] INIT File
---------------------------------------------------------------
[ 2018-11-28T10:01:57+08:00 ] 127.0.0.1 GET 127.0.0.1/tnews/public/index.php/admin/config/configlst.html
[运行时间：0.047002s] [吞吐率：21.28req/s] [内存消耗：1,419.98kb] [文件加载：35]
[ info ] [ LANG ] C:\Users\Administrator\Desktop\web\WWW\tnews\thinkphp\lang\zh-cn.php
[ info ] [ ROUTE ] array (
  'type' => 'module',
  'module' => 
  array (
    0 => 'admin',
    1 => 'config',
    2 => 'configlst',
  ),
)
[ info ] [ HEADER ] array (
  'cookie' => 'LiveWSPDT77362966=1522114876751468045960; NPDT77362966fistvisitetime=1522114876787; NPDT77362966IP=%7C1.192.176.123%7C; NPDT77362966visitecounts=2; Hm_lvt_db5282b7674d846f2ea000fa76dbee25=1522114877,1522219160; NPDT77362966lastvisitetime=1522219305282; NPDT77362966visitepages=3; Hm_lvt_622450c89bc248bfa3f11ad4c9b3ee61=1537181104,1537181121',
  'accept-language' => 'zh-CN,zh;q=0.8',
  'accept-encoding' => 'gzip, deflate, sdch, br',
  'referer' => 'http://127.0.0.1/tnews/public/index.php/admin',
  'accept' => 'text/html,application/xhtml+xml,application/xml;q=0.9,image/webp,*/*;q=0.8',
  'user-agent' => 'Mozilla/5.0 (Windows NT 6.1; WOW64) AppleWebKit/537.36 (KHTML, like Gecko) Chrome/55.0.2883.87 Safari/537.36',
  'upgrade-insecure-requests' => '1',
  'cache-control' => 'no-cache',
  'pragma' => 'no-cache',
  'connection' => 'close',
  'host' => '127.0.0.1',
)
[ info ] [ PARAM ] array (
)
[ info ] [ RUN ] app\admin\controller\Config->configlst[ C:\Users\Administrator\Desktop\web\WWW\tnews\application\admin\controller\Config.php ]
[ info ] [ VIEW ] C:\Users\Administrator\Desktop\web\WWW\tnews\public/../application/admin\view\config\configlst.html [ array (
) ]
[ info ] [ LOG ] INIT File
---------------------------------------------------------------
[ 2018-11-28T10:02:06+08:00 ] 127.0.0.1 GET 127.0.0.1/tnews/public/index.php/admin/config/configlst.html
[运行时间：0.042003s] [吞吐率：23.81req/s] [内存消耗：1,271.95kb] [文件加载：33]
[ info ] [ LANG ] C:\Users\Administrator\Desktop\web\WWW\tnews\thinkphp\lang\zh-cn.php
[ info ] [ ROUTE ] array (
  'type' => 'module',
  'module' => 
  array (
    0 => 'admin',
    1 => 'config',
    2 => 'configlst',
  ),
)
[ info ] [ HEADER ] array (
  'cookie' => 'LiveWSPDT77362966=1522114876751468045960; NPDT77362966fistvisitetime=1522114876787; NPDT77362966IP=%7C1.192.176.123%7C; NPDT77362966visitecounts=2; Hm_lvt_db5282b7674d846f2ea000fa76dbee25=1522114877,1522219160; NPDT77362966lastvisitetime=1522219305282; NPDT77362966visitepages=3; Hm_lvt_622450c89bc248bfa3f11ad4c9b3ee61=1537181104,1537181121',
  'accept-language' => 'zh-CN,zh;q=0.8',
  'accept-encoding' => 'gzip, deflate, sdch, br',
  'referer' => 'http://127.0.0.1/tnews/public/index.php/admin',
  'accept' => 'text/html,application/xhtml+xml,application/xml;q=0.9,image/webp,*/*;q=0.8',
  'user-agent' => 'Mozilla/5.0 (Windows NT 6.1; WOW64) AppleWebKit/537.36 (KHTML, like Gecko) Chrome/55.0.2883.87 Safari/537.36',
  'upgrade-insecure-requests' => '1',
  'cache-control' => 'no-cache',
  'pragma' => 'no-cache',
  'connection' => 'close',
  'host' => '127.0.0.1',
)
[ info ] [ PARAM ] array (
)
[ info ] [ RUN ] app\admin\controller\Config->configlst[ C:\Users\Administrator\Desktop\web\WWW\tnews\application\admin\controller\Config.php ]
[ info ] [ VIEW ] C:\Users\Administrator\Desktop\web\WWW\tnews\public/../application/admin\view\config\configlst.html [ array (
) ]
[ info ] [ LOG ] INIT File
---------------------------------------------------------------
[ 2018-11-28T10:03:39+08:00 ] 127.0.0.1 GET 127.0.0.1/tnews/public/index.php/admin/config/configlst.html
[运行时间：0.064003s] [吞吐率：15.62req/s] [内存消耗：1,419.63kb] [文件加载：35]
[ info ] [ LANG ] C:\Users\Administrator\Desktop\web\WWW\tnews\thinkphp\lang\zh-cn.php
[ info ] [ ROUTE ] array (
  'type' => 'module',
  'module' => 
  array (
    0 => 'admin',
    1 => 'config',
    2 => 'configlst',
  ),
)
[ info ] [ HEADER ] array (
  'cookie' => 'LiveWSPDT77362966=1522114876751468045960; NPDT77362966fistvisitetime=1522114876787; NPDT77362966IP=%7C1.192.176.123%7C; NPDT77362966visitecounts=2; Hm_lvt_db5282b7674d846f2ea000fa76dbee25=1522114877,1522219160; NPDT77362966lastvisitetime=1522219305282; NPDT77362966visitepages=3; Hm_lvt_622450c89bc248bfa3f11ad4c9b3ee61=1537181104,1537181121',
  'accept-language' => 'zh-CN,zh;q=0.8',
  'accept-encoding' => 'gzip, deflate, sdch, br',
  'referer' => 'http://127.0.0.1/tnews/public/index.php/admin',
  'accept' => 'text/html,application/xhtml+xml,application/xml;q=0.9,image/webp,*/*;q=0.8',
  'user-agent' => 'Mozilla/5.0 (Windows NT 6.1; WOW64) AppleWebKit/537.36 (KHTML, like Gecko) Chrome/55.0.2883.87 Safari/537.36',
  'upgrade-insecure-requests' => '1',
  'cache-control' => 'no-cache',
  'pragma' => 'no-cache',
  'connection' => 'close',
  'host' => '127.0.0.1',
)
[ info ] [ PARAM ] array (
)
[ info ] [ RUN ] app\admin\controller\Config->configlst[ C:\Users\Administrator\Desktop\web\WWW\tnews\application\admin\controller\Config.php ]
[ info ] [ VIEW ] C:\Users\Administrator\Desktop\web\WWW\tnews\public/../application/admin\view\config\configlst.html [ array (
) ]
[ info ] [ LOG ] INIT File
